2017-07-14 13:49:46,656 [main] INFO  [com.mars.application.SaMarsApplication] [StartupInfoLogger.java:48] [trace=,span=,parent=,name=,app=,begintime=,endtime=] - Starting SaMarsApplication on PC-20151230SASB with PID 5848 (D:\work\workspace\sa-mars\sa-mars-application\target\classes started by Administrator in D:\work\workspace\sa-mars)
2017-07-14 13:49:46,672 [main] INFO  [com.mars.application.SaMarsApplication] [SpringApplication.java:593] [trace=,span=,parent=,name=,app=,begintime=,endtime=] - No active profile set, falling back to default profiles: default
2017-07-14 13:49:47,145 [main] INFO  [org.springframework.boot.context.embedded.AnnotationConfigEmbeddedWebApplicationContext] [AbstractApplicationContext.java:583] [trace=,span=,parent=,name=,app=,begintime=,endtime=] - Refreshing org.springframework.boot.context.embedded.AnnotationConfigEmbeddedWebApplicationContext@40541d79: startup date [Fri Jul 14 13:49:47 CST 2017]; root of context hierarchy
2017-07-14 13:49:47,233 [background-preinit] INFO  [org.hibernate.validator.internal.util.Version] [Version.java:30] [trace=,span=,parent=,name=,app=,begintime=,endtime=] - HV000001: Hibernate Validator 5.3.5.Final
2017-07-14 13:49:48,042 [main] INFO  [org.springframework.beans.factory.xml.XmlBeanDefinitionReader] [XmlBeanDefinitionReader.java:317] [trace=,span=,parent=,name=,app=,begintime=,endtime=] - Loading XML bean definitions from class path resource [beanRefContext.xml]
2017-07-14 13:49:48,358 [main] WARN  [org.mybatis.spring.mapper.ClassPathMapperScanner] [ClassPathMapperScanner.java:166] [trace=,span=,parent=,name=,app=,begintime=,endtime=] - No MyBatis mapper was found in '[com.mars.application]' package. Please check your configuration.
2017-07-14 13:49:49,033 [main] INFO  [org.springframework.context.support.PostProcessorRegistrationDelegate$BeanPostProcessorChecker] [PostProcessorRegistrationDelegate.java:325] [trace=,span=,parent=,name=,app=,begintime=,endtime=] - Bean 'org.springframework.kafka.annotation.KafkaBootstrapConfiguration' of type [org.springframework.kafka.annotation.KafkaBootstrapConfiguration$$EnhancerBySpringCGLIB$$9f2509ee] is not eligible for getting processed by all BeanPostProcessors (for example: not eligible for auto-proxying)
2017-07-14 13:49:49,787 [main] INFO  [org.springframework.boot.context.embedded.tomcat.TomcatEmbeddedServletContainer] [TomcatEmbeddedServletContainer.java:89] [trace=,span=,parent=,name=,app=,begintime=,endtime=] - Tomcat initialized with port(s): 8083 (http)
2017-07-14 13:49:49,803 [main] INFO  [org.apache.catalina.core.StandardService] [DirectJDKLog.java:179] [trace=,span=,parent=,name=,app=,begintime=,endtime=] - Starting service [Tomcat]
2017-07-14 13:49:49,804 [main] INFO  [org.apache.catalina.core.StandardEngine] [DirectJDKLog.java:179] [trace=,span=,parent=,name=,app=,begintime=,endtime=] - Starting Servlet Engine: Apache Tomcat/8.5.15
2017-07-14 13:49:49,970 [localhost-startStop-1] INFO  [org.apache.catalina.core.ContainerBase.[Tomcat].[localhost].[/mars]] [DirectJDKLog.java:179] [trace=,span=,parent=,name=,app=,begintime=,endtime=] - Initializing Spring embedded WebApplicationContext
2017-07-14 13:49:49,970 [localhost-startStop-1] INFO  [org.springframework.web.context.ContextLoader] [EmbeddedWebApplicationContext.java:276] [trace=,span=,parent=,name=,app=,begintime=,endtime=] - Root WebApplicationContext: initialization completed in 2825 ms
2017-07-14 13:49:50,351 [localhost-startStop-1] INFO  [org.springframework.boot.web.servlet.ServletRegistrationBean] [ServletRegistrationBean.java:190] [trace=,span=,parent=,name=,app=,begintime=,endtime=] - Mapping servlet: 'dispatcherServlet' to [/]
2017-07-14 13:49:50,363 [localhost-startStop-1] INFO  [org.springframework.boot.web.servlet.FilterRegistrationBean] [AbstractFilterRegistrationBean.java:258] [trace=,span=,parent=,name=,app=,begintime=,endtime=] - Mapping filter: 'characterEncodingFilter' to: [/*]
2017-07-14 13:49:50,364 [localhost-startStop-1] INFO  [org.springframework.boot.web.servlet.FilterRegistrationBean] [AbstractFilterRegistrationBean.java:258] [trace=,span=,parent=,name=,app=,begintime=,endtime=] - Mapping filter: 'hiddenHttpMethodFilter' to: [/*]
2017-07-14 13:49:50,365 [localhost-startStop-1] INFO  [org.springframework.boot.web.servlet.FilterRegistrationBean] [AbstractFilterRegistrationBean.java:258] [trace=,span=,parent=,name=,app=,begintime=,endtime=] - Mapping filter: 'httpPutFormContentFilter' to: [/*]
2017-07-14 13:49:50,365 [localhost-startStop-1] INFO  [org.springframework.boot.web.servlet.FilterRegistrationBean] [AbstractFilterRegistrationBean.java:258] [trace=,span=,parent=,name=,app=,begintime=,endtime=] - Mapping filter: 'requestContextFilter' to: [/*]
2017-07-14 13:49:51,081 [main] INFO  [org.springframework.web.servlet.mvc.method.annotation.RequestMappingHandlerAdapter] [RequestMappingHandlerAdapter.java:534] [trace=,span=,parent=,name=,app=,begintime=,endtime=] - Looking for @ControllerAdvice: org.springframework.boot.context.embedded.AnnotationConfigEmbeddedWebApplicationContext@40541d79: startup date [Fri Jul 14 13:49:47 CST 2017]; root of context hierarchy
2017-07-14 13:49:51,205 [main] INFO  [org.springframework.web.servlet.mvc.method.annotation.RequestMappingHandlerMapping] [AbstractHandlerMethodMapping.java:543] [trace=,span=,parent=,name=,app=,begintime=,endtime=] - Mapped "{[/hello],methods=[GET]}" onto public java.lang.String com.mars.manage.HelloController.hello()
2017-07-14 13:49:51,212 [main] INFO  [org.springframework.web.servlet.mvc.method.annotation.RequestMappingHandlerMapping] [AbstractHandlerMethodMapping.java:543] [trace=,span=,parent=,name=,app=,begintime=,endtime=] - Mapped "{[/error]}" onto public org.springframework.http.ResponseEntity<java.util.Map<java.lang.String, java.lang.Object>> org.springframework.boot.autoconfigure.web.BasicErrorController.error(javax.servlet.http.HttpServletRequest)
2017-07-14 13:49:51,213 [main] INFO  [org.springframework.web.servlet.mvc.method.annotation.RequestMappingHandlerMapping] [AbstractHandlerMethodMapping.java:543] [trace=,span=,parent=,name=,app=,begintime=,endtime=] - Mapped "{[/error],produces=[text/html]}" onto public org.springframework.web.servlet.ModelAndView org.springframework.boot.autoconfigure.web.BasicErrorController.errorHtml(javax.servlet.http.HttpServletRequest,javax.servlet.http.HttpServletResponse)
2017-07-14 13:49:51,311 [main] INFO  [org.springframework.web.servlet.handler.SimpleUrlHandlerMapping] [AbstractUrlHandlerMapping.java:362] [trace=,span=,parent=,name=,app=,begintime=,endtime=] - Mapped URL path [/webjars/**] onto handler of type [class org.springframework.web.servlet.resource.ResourceHttpRequestHandler]
2017-07-14 13:49:51,311 [main] INFO  [org.springframework.web.servlet.handler.SimpleUrlHandlerMapping] [AbstractUrlHandlerMapping.java:362] [trace=,span=,parent=,name=,app=,begintime=,endtime=] - Mapped URL path [/**] onto handler of type [class org.springframework.web.servlet.resource.ResourceHttpRequestHandler]
2017-07-14 13:49:51,440 [main] INFO  [org.springframework.web.servlet.handler.SimpleUrlHandlerMapping] [AbstractUrlHandlerMapping.java:362] [trace=,span=,parent=,name=,app=,begintime=,endtime=] - Mapped URL path [/**/favicon.ico] onto handler of type [class org.springframework.web.servlet.resource.ResourceHttpRequestHandler]
2017-07-14 13:49:52,515 [main] WARN  [org.springframework.boot.autoconfigure.groovy.template.GroovyTemplateAutoConfiguration] [GroovyTemplateAutoConfiguration.java:92] [trace=,span=,parent=,name=,app=,begintime=,endtime=] - Cannot find template location: classpath:/templates/ (please add some templates, check your Groovy configuration, or set spring.groovy.template.check-template-location=false)
2017-07-14 13:49:53,536 [main] INFO  [org.springframework.jmx.export.annotation.AnnotationMBeanExporter] [MBeanExporter.java:431] [trace=,span=,parent=,name=,app=,begintime=,endtime=] - Registering beans for JMX exposure on startup
2017-07-14 13:49:53,548 [main] INFO  [org.springframework.context.support.DefaultLifecycleProcessor] [DefaultLifecycleProcessor.java:343] [trace=,span=,parent=,name=,app=,begintime=,endtime=] - Starting beans in phase 2147483647
2017-07-14 13:49:53,623 [main] INFO  [org.apache.coyote.http11.Http11NioProtocol] [DirectJDKLog.java:179] [trace=,span=,parent=,name=,app=,begintime=,endtime=] - Initializing ProtocolHandler ["http-nio-8083"]
2017-07-14 13:49:53,646 [main] INFO  [org.apache.coyote.http11.Http11NioProtocol] [DirectJDKLog.java:179] [trace=,span=,parent=,name=,app=,begintime=,endtime=] - Starting ProtocolHandler ["http-nio-8083"]
2017-07-14 13:49:53,658 [main] INFO  [org.apache.tomcat.util.net.NioSelectorPool] [DirectJDKLog.java:179] [trace=,span=,parent=,name=,app=,begintime=,endtime=] - Using a shared selector for servlet write/read
2017-07-14 13:49:53,692 [main] INFO  [org.springframework.boot.context.embedded.tomcat.TomcatEmbeddedServletContainer] [TomcatEmbeddedServletContainer.java:201] [trace=,span=,parent=,name=,app=,begintime=,endtime=] - Tomcat started on port(s): 8083 (http)
2017-07-14 13:49:53,699 [main] INFO  [com.mars.application.SaMarsApplication] [StartupInfoLogger.java:57] [trace=,span=,parent=,name=,app=,begintime=,endtime=] - Started SaMarsApplication in 8.006 seconds (JVM running for 9.285)
2017-07-14 13:50:20,911 [main] INFO  [com.mars.application.SaMarsApplication] [StartupInfoLogger.java:48] [trace=,span=,parent=,name=,app=,begintime=,endtime=] - Starting SaMarsApplication on PC-20151230SASB with PID 7084 (D:\work\workspace\sa-mars\sa-mars-application\target\classes started by Administrator in D:\work\workspace\sa-mars)
2017-07-14 13:50:20,918 [main] INFO  [com.mars.application.SaMarsApplication] [SpringApplication.java:593] [trace=,span=,parent=,name=,app=,begintime=,endtime=] - No active profile set, falling back to default profiles: default
2017-07-14 13:50:21,352 [main] INFO  [org.springframework.boot.context.embedded.AnnotationConfigEmbeddedWebApplicationContext] [AbstractApplicationContext.java:583] [trace=,span=,parent=,name=,app=,begintime=,endtime=] - Refreshing org.springframework.boot.context.embedded.AnnotationConfigEmbeddedWebApplicationContext@700478b5: startup date [Fri Jul 14 13:50:21 CST 2017]; root of context hierarchy
2017-07-14 13:50:21,422 [background-preinit] INFO  [org.hibernate.validator.internal.util.Version] [Version.java:30] [trace=,span=,parent=,name=,app=,begintime=,endtime=] - HV000001: Hibernate Validator 5.3.5.Final
2017-07-14 13:50:22,215 [main] INFO  [org.springframework.beans.factory.xml.XmlBeanDefinitionReader] [XmlBeanDefinitionReader.java:317] [trace=,span=,parent=,name=,app=,begintime=,endtime=] - Loading XML bean definitions from class path resource [beanRefContext.xml]
2017-07-14 13:50:22,509 [main] WARN  [org.mybatis.spring.mapper.ClassPathMapperScanner] [ClassPathMapperScanner.java:166] [trace=,span=,parent=,name=,app=,begintime=,endtime=] - No MyBatis mapper was found in '[com.mars.application]' package. Please check your configuration.
2017-07-14 13:50:23,222 [main] INFO  [org.springframework.context.support.PostProcessorRegistrationDelegate$BeanPostProcessorChecker] [PostProcessorRegistrationDelegate.java:325] [trace=,span=,parent=,name=,app=,begintime=,endtime=] - Bean 'org.springframework.kafka.annotation.KafkaBootstrapConfiguration' of type [org.springframework.kafka.annotation.KafkaBootstrapConfiguration$$EnhancerBySpringCGLIB$$a6361532] is not eligible for getting processed by all BeanPostProcessors (for example: not eligible for auto-proxying)
2017-07-14 13:50:24,015 [main] INFO  [org.springframework.boot.context.embedded.tomcat.TomcatEmbeddedServletContainer] [TomcatEmbeddedServletContainer.java:89] [trace=,span=,parent=,name=,app=,begintime=,endtime=] - Tomcat initialized with port(s): 8083 (http)
2017-07-14 13:50:24,031 [main] INFO  [org.apache.catalina.core.StandardService] [DirectJDKLog.java:179] [trace=,span=,parent=,name=,app=,begintime=,endtime=] - Starting service [Tomcat]
2017-07-14 13:50:24,033 [main] INFO  [org.apache.catalina.core.StandardEngine] [DirectJDKLog.java:179] [trace=,span=,parent=,name=,app=,begintime=,endtime=] - Starting Servlet Engine: Apache Tomcat/8.5.15
2017-07-14 13:50:24,190 [localhost-startStop-1] INFO  [org.apache.catalina.core.ContainerBase.[Tomcat].[localhost].[/mars]] [DirectJDKLog.java:179] [trace=,span=,parent=,name=,app=,begintime=,endtime=] - Initializing Spring embedded WebApplicationContext
2017-07-14 13:50:24,191 [localhost-startStop-1] INFO  [org.springframework.web.context.ContextLoader] [EmbeddedWebApplicationContext.java:276] [trace=,span=,parent=,name=,app=,begintime=,endtime=] - Root WebApplicationContext: initialization completed in 2840 ms
2017-07-14 13:50:24,486 [localhost-startStop-1] INFO  [org.springframework.boot.web.servlet.ServletRegistrationBean] [ServletRegistrationBean.java:190] [trace=,span=,parent=,name=,app=,begintime=,endtime=] - Mapping servlet: 'dispatcherServlet' to [/]
2017-07-14 13:50:24,494 [localhost-startStop-1] INFO  [org.springframework.boot.web.servlet.FilterRegistrationBean] [AbstractFilterRegistrationBean.java:258] [trace=,span=,parent=,name=,app=,begintime=,endtime=] - Mapping filter: 'characterEncodingFilter' to: [/*]
2017-07-14 13:50:24,495 [localhost-startStop-1] INFO  [org.springframework.boot.web.servlet.FilterRegistrationBean] [AbstractFilterRegistrationBean.java:258] [trace=,span=,parent=,name=,app=,begintime=,endtime=] - Mapping filter: 'hiddenHttpMethodFilter' to: [/*]
2017-07-14 13:50:24,495 [localhost-startStop-1] INFO  [org.springframework.boot.web.servlet.FilterRegistrationBean] [AbstractFilterRegistrationBean.java:258] [trace=,span=,parent=,name=,app=,begintime=,endtime=] - Mapping filter: 'httpPutFormContentFilter' to: [/*]
2017-07-14 13:50:24,495 [localhost-startStop-1] INFO  [org.springframework.boot.web.servlet.FilterRegistrationBean] [AbstractFilterRegistrationBean.java:258] [trace=,span=,parent=,name=,app=,begintime=,endtime=] - Mapping filter: 'requestContextFilter' to: [/*]
2017-07-14 13:50:25,227 [main] INFO  [org.springframework.web.servlet.mvc.method.annotation.RequestMappingHandlerAdapter] [RequestMappingHandlerAdapter.java:534] [trace=,span=,parent=,name=,app=,begintime=,endtime=] - Looking for @ControllerAdvice: org.springframework.boot.context.embedded.AnnotationConfigEmbeddedWebApplicationContext@700478b5: startup date [Fri Jul 14 13:50:21 CST 2017]; root of context hierarchy
2017-07-14 13:50:25,338 [main] INFO  [org.springframework.web.servlet.mvc.method.annotation.RequestMappingHandlerMapping] [AbstractHandlerMethodMapping.java:543] [trace=,span=,parent=,name=,app=,begintime=,endtime=] - Mapped "{[/hello],methods=[GET]}" onto public java.lang.String com.mars.manage.HelloController.hello()
2017-07-14 13:50:25,343 [main] INFO  [org.springframework.web.servlet.mvc.method.annotation.RequestMappingHandlerMapping] [AbstractHandlerMethodMapping.java:543] [trace=,span=,parent=,name=,app=,begintime=,endtime=] - Mapped "{[/error]}" onto public org.springframework.http.ResponseEntity<java.util.Map<java.lang.String, java.lang.Object>> org.springframework.boot.autoconfigure.web.BasicErrorController.error(javax.servlet.http.HttpServletRequest)
2017-07-14 13:50:25,345 [main] INFO  [org.springframework.web.servlet.mvc.method.annotation.RequestMappingHandlerMapping] [AbstractHandlerMethodMapping.java:543] [trace=,span=,parent=,name=,app=,begintime=,endtime=] - Mapped "{[/error],produces=[text/html]}" onto public org.springframework.web.servlet.ModelAndView org.springframework.boot.autoconfigure.web.BasicErrorController.errorHtml(javax.servlet.http.HttpServletRequest,javax.servlet.http.HttpServletResponse)
2017-07-14 13:50:25,414 [main] INFO  [org.springframework.web.servlet.handler.SimpleUrlHandlerMapping] [AbstractUrlHandlerMapping.java:362] [trace=,span=,parent=,name=,app=,begintime=,endtime=] - Mapped URL path [/webjars/**] onto handler of type [class org.springframework.web.servlet.resource.ResourceHttpRequestHandler]
2017-07-14 13:50:25,415 [main] INFO  [org.springframework.web.servlet.handler.SimpleUrlHandlerMapping] [AbstractUrlHandlerMapping.java:362] [trace=,span=,parent=,name=,app=,begintime=,endtime=] - Mapped URL path [/**] onto handler of type [class org.springframework.web.servlet.resource.ResourceHttpRequestHandler]
2017-07-14 13:50:25,541 [main] INFO  [org.springframework.web.servlet.handler.SimpleUrlHandlerMapping] [AbstractUrlHandlerMapping.java:362] [trace=,span=,parent=,name=,app=,begintime=,endtime=] - Mapped URL path [/**/favicon.ico] onto handler of type [class org.springframework.web.servlet.resource.ResourceHttpRequestHandler]
2017-07-14 13:50:26,352 [main] WARN  [org.springframework.boot.autoconfigure.groovy.template.GroovyTemplateAutoConfiguration] [GroovyTemplateAutoConfiguration.java:92] [trace=,span=,parent=,name=,app=,begintime=,endtime=] - Cannot find template location: classpath:/templates/ (please add some templates, check your Groovy configuration, or set spring.groovy.template.check-template-location=false)
2017-07-14 13:50:27,365 [main] INFO  [org.springframework.jmx.export.annotation.AnnotationMBeanExporter] [MBeanExporter.java:431] [trace=,span=,parent=,name=,app=,begintime=,endtime=] - Registering beans for JMX exposure on startup
2017-07-14 13:50:27,384 [main] INFO  [org.springframework.context.support.DefaultLifecycleProcessor] [DefaultLifecycleProcessor.java:343] [trace=,span=,parent=,name=,app=,begintime=,endtime=] - Starting beans in phase 2147483647
2017-07-14 13:50:27,491 [main] INFO  [org.apache.coyote.http11.Http11NioProtocol] [DirectJDKLog.java:179] [trace=,span=,parent=,name=,app=,begintime=,endtime=] - Initializing ProtocolHandler ["http-nio-8083"]
2017-07-14 13:50:27,529 [main] INFO  [org.apache.coyote.http11.Http11NioProtocol] [DirectJDKLog.java:179] [trace=,span=,parent=,name=,app=,begintime=,endtime=] - Starting ProtocolHandler ["http-nio-8083"]
2017-07-14 13:50:27,545 [main] INFO  [org.apache.tomcat.util.net.NioSelectorPool] [DirectJDKLog.java:179] [trace=,span=,parent=,name=,app=,begintime=,endtime=] - Using a shared selector for servlet write/read
2017-07-14 13:50:27,625 [main] INFO  [org.springframework.boot.context.embedded.tomcat.TomcatEmbeddedServletContainer] [TomcatEmbeddedServletContainer.java:201] [trace=,span=,parent=,name=,app=,begintime=,endtime=] - Tomcat started on port(s): 8083 (http)
2017-07-14 13:50:27,637 [main] INFO  [com.mars.application.SaMarsApplication] [StartupInfoLogger.java:57] [trace=,span=,parent=,name=,app=,begintime=,endtime=] - Started SaMarsApplication in 7.748 seconds (JVM running for 9.055)
2017-07-14 13:53:20,869 [main] INFO  [com.mars.application.SaMarsApplication] [StartupInfoLogger.java:48] [trace=,span=,parent=,name=,app=,begintime=,endtime=] - Starting SaMarsApplication on PC-20151230SASB with PID 1932 (D:\work\workspace\sa-mars\sa-mars-application\target\classes started by Administrator in D:\work\workspace\sa-mars)
2017-07-14 13:53:20,876 [main] INFO  [com.mars.application.SaMarsApplication] [SpringApplication.java:593] [trace=,span=,parent=,name=,app=,begintime=,endtime=] - No active profile set, falling back to default profiles: default
2017-07-14 13:53:21,363 [main] INFO  [org.springframework.boot.context.embedded.AnnotationConfigEmbeddedWebApplicationContext] [AbstractApplicationContext.java:583] [trace=,span=,parent=,name=,app=,begintime=,endtime=] - Refreshing org.springframework.boot.context.embedded.AnnotationConfigEmbeddedWebApplicationContext@140ee2ab: startup date [Fri Jul 14 13:53:21 CST 2017]; root of context hierarchy
2017-07-14 13:53:21,406 [background-preinit] INFO  [org.hibernate.validator.internal.util.Version] [Version.java:30] [trace=,span=,parent=,name=,app=,begintime=,endtime=] - HV000001: Hibernate Validator 5.3.5.Final
2017-07-14 13:53:22,214 [main] INFO  [org.springframework.beans.factory.xml.XmlBeanDefinitionReader] [XmlBeanDefinitionReader.java:317] [trace=,span=,parent=,name=,app=,begintime=,endtime=] - Loading XML bean definitions from class path resource [beanRefContext.xml]
2017-07-14 13:53:22,506 [main] WARN  [org.mybatis.spring.mapper.ClassPathMapperScanner] [ClassPathMapperScanner.java:166] [trace=,span=,parent=,name=,app=,begintime=,endtime=] - No MyBatis mapper was found in '[com.mars.application]' package. Please check your configuration.
2017-07-14 13:53:23,193 [main] INFO  [org.springframework.context.support.PostProcessorRegistrationDelegate$BeanPostProcessorChecker] [PostProcessorRegistrationDelegate.java:325] [trace=,span=,parent=,name=,app=,begintime=,endtime=] - Bean 'org.springframework.kafka.annotation.KafkaBootstrapConfiguration' of type [org.springframework.kafka.annotation.KafkaBootstrapConfiguration$$EnhancerBySpringCGLIB$$cfca9db5] is not eligible for getting processed by all BeanPostProcessors (for example: not eligible for auto-proxying)
2017-07-14 13:53:23,943 [main] INFO  [org.springframework.boot.context.embedded.tomcat.TomcatEmbeddedServletContainer] [TomcatEmbeddedServletContainer.java:89] [trace=,span=,parent=,name=,app=,begintime=,endtime=] - Tomcat initialized with port(s): 8083 (http)
2017-07-14 13:53:23,960 [main] INFO  [org.apache.catalina.core.StandardService] [DirectJDKLog.java:179] [trace=,span=,parent=,name=,app=,begintime=,endtime=] - Starting service [Tomcat]
2017-07-14 13:53:23,961 [main] INFO  [org.apache.catalina.core.StandardEngine] [DirectJDKLog.java:179] [trace=,span=,parent=,name=,app=,begintime=,endtime=] - Starting Servlet Engine: Apache Tomcat/8.5.15
2017-07-14 13:53:24,116 [localhost-startStop-1] INFO  [org.apache.catalina.core.ContainerBase.[Tomcat].[localhost].[/mars]] [DirectJDKLog.java:179] [trace=,span=,parent=,name=,app=,begintime=,endtime=] - Initializing Spring embedded WebApplicationContext
2017-07-14 13:53:24,116 [localhost-startStop-1] INFO  [org.springframework.web.context.ContextLoader] [EmbeddedWebApplicationContext.java:276] [trace=,span=,parent=,name=,app=,begintime=,endtime=] - Root WebApplicationContext: initialization completed in 2753 ms
2017-07-14 13:53:24,415 [localhost-startStop-1] INFO  [org.springframework.boot.web.servlet.ServletRegistrationBean] [ServletRegistrationBean.java:190] [trace=,span=,parent=,name=,app=,begintime=,endtime=] - Mapping servlet: 'dispatcherServlet' to [/]
2017-07-14 13:53:24,423 [localhost-startStop-1] INFO  [org.springframework.boot.web.servlet.FilterRegistrationBean] [AbstractFilterRegistrationBean.java:258] [trace=,span=,parent=,name=,app=,begintime=,endtime=] - Mapping filter: 'characterEncodingFilter' to: [/*]
2017-07-14 13:53:24,424 [localhost-startStop-1] INFO  [org.springframework.boot.web.servlet.FilterRegistrationBean] [AbstractFilterRegistrationBean.java:258] [trace=,span=,parent=,name=,app=,begintime=,endtime=] - Mapping filter: 'hiddenHttpMethodFilter' to: [/*]
2017-07-14 13:53:24,424 [localhost-startStop-1] INFO  [org.springframework.boot.web.servlet.FilterRegistrationBean] [AbstractFilterRegistrationBean.java:258] [trace=,span=,parent=,name=,app=,begintime=,endtime=] - Mapping filter: 'httpPutFormContentFilter' to: [/*]
2017-07-14 13:53:24,424 [localhost-startStop-1] INFO  [org.springframework.boot.web.servlet.FilterRegistrationBean] [AbstractFilterRegistrationBean.java:258] [trace=,span=,parent=,name=,app=,begintime=,endtime=] - Mapping filter: 'requestContextFilter' to: [/*]
2017-07-14 13:53:25,162 [main] INFO  [org.springframework.web.servlet.mvc.method.annotation.RequestMappingHandlerAdapter] [RequestMappingHandlerAdapter.java:534] [trace=,span=,parent=,name=,app=,begintime=,endtime=] - Looking for @ControllerAdvice: org.springframework.boot.context.embedded.AnnotationConfigEmbeddedWebApplicationContext@140ee2ab: startup date [Fri Jul 14 13:53:21 CST 2017]; root of context hierarchy
2017-07-14 13:53:25,273 [main] INFO  [org.springframework.web.servlet.mvc.method.annotation.RequestMappingHandlerMapping] [AbstractHandlerMethodMapping.java:543] [trace=,span=,parent=,name=,app=,begintime=,endtime=] - Mapped "{[/hello],methods=[GET]}" onto public java.lang.String com.mars.manage.HelloController.hello()
2017-07-14 13:53:25,280 [main] INFO  [org.springframework.web.servlet.mvc.method.annotation.RequestMappingHandlerMapping] [AbstractHandlerMethodMapping.java:543] [trace=,span=,parent=,name=,app=,begintime=,endtime=] - Mapped "{[/error]}" onto public org.springframework.http.ResponseEntity<java.util.Map<java.lang.String, java.lang.Object>> org.springframework.boot.autoconfigure.web.BasicErrorController.error(javax.servlet.http.HttpServletRequest)
2017-07-14 13:53:25,281 [main] INFO  [org.springframework.web.servlet.mvc.method.annotation.RequestMappingHandlerMapping] [AbstractHandlerMethodMapping.java:543] [trace=,span=,parent=,name=,app=,begintime=,endtime=] - Mapped "{[/error],produces=[text/html]}" onto public org.springframework.web.servlet.ModelAndView org.springframework.boot.autoconfigure.web.BasicErrorController.errorHtml(javax.servlet.http.HttpServletRequest,javax.servlet.http.HttpServletResponse)
2017-07-14 13:53:25,348 [main] INFO  [org.springframework.web.servlet.handler.SimpleUrlHandlerMapping] [AbstractUrlHandlerMapping.java:362] [trace=,span=,parent=,name=,app=,begintime=,endtime=] - Mapped URL path [/webjars/**] onto handler of type [class org.springframework.web.servlet.resource.ResourceHttpRequestHandler]
2017-07-14 13:53:25,349 [main] INFO  [org.springframework.web.servlet.handler.SimpleUrlHandlerMapping] [AbstractUrlHandlerMapping.java:362] [trace=,span=,parent=,name=,app=,begintime=,endtime=] - Mapped URL path [/**] onto handler of type [class org.springframework.web.servlet.resource.ResourceHttpRequestHandler]
2017-07-14 13:53:25,447 [main] INFO  [org.springframework.web.servlet.handler.SimpleUrlHandlerMapping] [AbstractUrlHandlerMapping.java:362] [trace=,span=,parent=,name=,app=,begintime=,endtime=] - Mapped URL path [/**/favicon.ico] onto handler of type [class org.springframework.web.servlet.resource.ResourceHttpRequestHandler]
2017-07-14 13:53:26,200 [main] WARN  [org.springframework.boot.autoconfigure.groovy.template.GroovyTemplateAutoConfiguration] [GroovyTemplateAutoConfiguration.java:92] [trace=,span=,parent=,name=,app=,begintime=,endtime=] - Cannot find template location: classpath:/templates/ (please add some templates, check your Groovy configuration, or set spring.groovy.template.check-template-location=false)
2017-07-14 13:53:27,149 [main] INFO  [org.springframework.jmx.export.annotation.AnnotationMBeanExporter] [MBeanExporter.java:431] [trace=,span=,parent=,name=,app=,begintime=,endtime=] - Registering beans for JMX exposure on startup
2017-07-14 13:53:27,162 [main] INFO  [org.springframework.context.support.DefaultLifecycleProcessor] [DefaultLifecycleProcessor.java:343] [trace=,span=,parent=,name=,app=,begintime=,endtime=] - Starting beans in phase 2147483647
2017-07-14 13:53:27,220 [main] INFO  [org.apache.coyote.http11.Http11NioProtocol] [DirectJDKLog.java:179] [trace=,span=,parent=,name=,app=,begintime=,endtime=] - Initializing ProtocolHandler ["http-nio-8083"]
2017-07-14 13:53:27,245 [main] INFO  [org.apache.coyote.http11.Http11NioProtocol] [DirectJDKLog.java:179] [trace=,span=,parent=,name=,app=,begintime=,endtime=] - Starting ProtocolHandler ["http-nio-8083"]
2017-07-14 13:53:27,258 [main] INFO  [org.apache.tomcat.util.net.NioSelectorPool] [DirectJDKLog.java:179] [trace=,span=,parent=,name=,app=,begintime=,endtime=] - Using a shared selector for servlet write/read
2017-07-14 13:53:27,291 [main] INFO  [org.springframework.boot.context.embedded.tomcat.TomcatEmbeddedServletContainer] [TomcatEmbeddedServletContainer.java:201] [trace=,span=,parent=,name=,app=,begintime=,endtime=] - Tomcat started on port(s): 8083 (http)
2017-07-14 13:53:27,299 [main] INFO  [com.mars.application.SaMarsApplication] [StartupInfoLogger.java:57] [trace=,span=,parent=,name=,app=,begintime=,endtime=] - Started SaMarsApplication in 7.549 seconds (JVM running for 8.807)
2017-07-14 13:54:50,322 [main] INFO  [com.mars.application.SaMarsApplication] [StartupInfoLogger.java:48] [trace=,span=,parent=,name=,app=,begintime=,endtime=] - Starting SaMarsApplication on PC-20151230SASB with PID 4104 (D:\work\workspace\sa-mars\sa-mars-application\target\classes started by Administrator in D:\work\workspace\sa-mars)
2017-07-14 13:54:50,329 [main] INFO  [com.mars.application.SaMarsApplication] [SpringApplication.java:593] [trace=,span=,parent=,name=,app=,begintime=,endtime=] - No active profile set, falling back to default profiles: default
2017-07-14 13:54:50,786 [main] INFO  [org.springframework.boot.context.embedded.AnnotationConfigEmbeddedWebApplicationContext] [AbstractApplicationContext.java:583] [trace=,span=,parent=,name=,app=,begintime=,endtime=] - Refreshing org.springframework.boot.context.embedded.AnnotationConfigEmbeddedWebApplicationContext@7e159698: startup date [Fri Jul 14 13:54:50 CST 2017]; root of context hierarchy
2017-07-14 13:54:50,835 [background-preinit] INFO  [org.hibernate.validator.internal.util.Version] [Version.java:30] [trace=,span=,parent=,name=,app=,begintime=,endtime=] - HV000001: Hibernate Validator 5.3.5.Final
2017-07-14 13:54:51,651 [main] INFO  [org.springframework.beans.factory.xml.XmlBeanDefinitionReader] [XmlBeanDefinitionReader.java:317] [trace=,span=,parent=,name=,app=,begintime=,endtime=] - Loading XML bean definitions from class path resource [beanRefContext.xml]
2017-07-14 13:54:51,943 [main] WARN  [org.mybatis.spring.mapper.ClassPathMapperScanner] [ClassPathMapperScanner.java:166] [trace=,span=,parent=,name=,app=,begintime=,endtime=] - No MyBatis mapper was found in '[com.mars.application]' package. Please check your configuration.
2017-07-14 13:54:52,625 [main] INFO  [org.springframework.context.support.PostProcessorRegistrationDelegate$BeanPostProcessorChecker] [PostProcessorRegistrationDelegate.java:325] [trace=,span=,parent=,name=,app=,begintime=,endtime=] - Bean 'org.springframework.kafka.annotation.KafkaBootstrapConfiguration' of type [org.springframework.kafka.annotation.KafkaBootstrapConfiguration$$EnhancerBySpringCGLIB$$e8c327e9] is not eligible for getting processed by all BeanPostProcessors (for example: not eligible for auto-proxying)
2017-07-14 13:54:53,379 [main] INFO  [org.springframework.boot.context.embedded.tomcat.TomcatEmbeddedServletContainer] [TomcatEmbeddedServletContainer.java:89] [trace=,span=,parent=,name=,app=,begintime=,endtime=] - Tomcat initialized with port(s): 8083 (http)
2017-07-14 13:54:53,396 [main] INFO  [org.apache.catalina.core.StandardService] [DirectJDKLog.java:179] [trace=,span=,parent=,name=,app=,begintime=,endtime=] - Starting service [Tomcat]
2017-07-14 13:54:53,397 [main] INFO  [org.apache.catalina.core.StandardEngine] [DirectJDKLog.java:179] [trace=,span=,parent=,name=,app=,begintime=,endtime=] - Starting Servlet Engine: Apache Tomcat/8.5.15
2017-07-14 13:54:53,555 [localhost-startStop-1] INFO  [org.apache.catalina.core.ContainerBase.[Tomcat].[localhost].[/mars]] [DirectJDKLog.java:179] [trace=,span=,parent=,name=,app=,begintime=,endtime=] - Initializing Spring embedded WebApplicationContext
2017-07-14 13:54:53,555 [localhost-startStop-1] INFO  [org.springframework.web.context.ContextLoader] [EmbeddedWebApplicationContext.java:276] [trace=,span=,parent=,name=,app=,begintime=,endtime=] - Root WebApplicationContext: initialization completed in 2769 ms
2017-07-14 13:54:53,975 [localhost-startStop-1] INFO  [org.springframework.boot.web.servlet.ServletRegistrationBean] [ServletRegistrationBean.java:190] [trace=,span=,parent=,name=,app=,begintime=,endtime=] - Mapping servlet: 'dispatcherServlet' to [/]
2017-07-14 13:54:53,983 [localhost-startStop-1] INFO  [org.springframework.boot.web.servlet.FilterRegistrationBean] [AbstractFilterRegistrationBean.java:258] [trace=,span=,parent=,name=,app=,begintime=,endtime=] - Mapping filter: 'characterEncodingFilter' to: [/*]
2017-07-14 13:54:53,984 [localhost-startStop-1] INFO  [org.springframework.boot.web.servlet.FilterRegistrationBean] [AbstractFilterRegistrationBean.java:258] [trace=,span=,parent=,name=,app=,begintime=,endtime=] - Mapping filter: 'hiddenHttpMethodFilter' to: [/*]
2017-07-14 13:54:53,985 [localhost-startStop-1] INFO  [org.springframework.boot.web.servlet.FilterRegistrationBean] [AbstractFilterRegistrationBean.java:258] [trace=,span=,parent=,name=,app=,begintime=,endtime=] - Mapping filter: 'httpPutFormContentFilter' to: [/*]
2017-07-14 13:54:53,985 [localhost-startStop-1] INFO  [org.springframework.boot.web.servlet.FilterRegistrationBean] [AbstractFilterRegistrationBean.java:258] [trace=,span=,parent=,name=,app=,begintime=,endtime=] - Mapping filter: 'requestContextFilter' to: [/*]
2017-07-14 13:54:54,691 [main] INFO  [org.springframework.web.servlet.mvc.method.annotation.RequestMappingHandlerAdapter] [RequestMappingHandlerAdapter.java:534] [trace=,span=,parent=,name=,app=,begintime=,endtime=] - Looking for @ControllerAdvice: org.springframework.boot.context.embedded.AnnotationConfigEmbeddedWebApplicationContext@7e159698: startup date [Fri Jul 14 13:54:50 CST 2017]; root of context hierarchy
2017-07-14 13:54:54,801 [main] INFO  [org.springframework.web.servlet.mvc.method.annotation.RequestMappingHandlerMapping] [AbstractHandlerMethodMapping.java:543] [trace=,span=,parent=,name=,app=,begintime=,endtime=] - Mapped "{[/hello],methods=[GET]}" onto public java.lang.String com.mars.manage.HelloController.hello()
2017-07-14 13:54:54,806 [main] INFO  [org.springframework.web.servlet.mvc.method.annotation.RequestMappingHandlerMapping] [AbstractHandlerMethodMapping.java:543] [trace=,span=,parent=,name=,app=,begintime=,endtime=] - Mapped "{[/error]}" onto public org.springframework.http.ResponseEntity<java.util.Map<java.lang.String, java.lang.Object>> org.springframework.boot.autoconfigure.web.BasicErrorController.error(javax.servlet.http.HttpServletRequest)
2017-07-14 13:54:54,806 [main] INFO  [org.springframework.web.servlet.mvc.method.annotation.RequestMappingHandlerMapping] [AbstractHandlerMethodMapping.java:543] [trace=,span=,parent=,name=,app=,begintime=,endtime=] - Mapped "{[/error],produces=[text/html]}" onto public org.springframework.web.servlet.ModelAndView org.springframework.boot.autoconfigure.web.BasicErrorController.errorHtml(javax.servlet.http.HttpServletRequest,javax.servlet.http.HttpServletResponse)
2017-07-14 13:54:54,879 [main] INFO  [org.springframework.web.servlet.handler.SimpleUrlHandlerMapping] [AbstractUrlHandlerMapping.java:362] [trace=,span=,parent=,name=,app=,begintime=,endtime=] - Mapped URL path [/webjars/**] onto handler of type [class org.springframework.web.servlet.resource.ResourceHttpRequestHandler]
2017-07-14 13:54:54,880 [main] INFO  [org.springframework.web.servlet.handler.SimpleUrlHandlerMapping] [AbstractUrlHandlerMapping.java:362] [trace=,span=,parent=,name=,app=,begintime=,endtime=] - Mapped URL path [/**] onto handler of type [class org.springframework.web.servlet.resource.ResourceHttpRequestHandler]
2017-07-14 13:54:54,973 [main] INFO  [org.springframework.web.servlet.handler.SimpleUrlHandlerMapping] [AbstractUrlHandlerMapping.java:362] [trace=,span=,parent=,name=,app=,begintime=,endtime=] - Mapped URL path [/**/favicon.ico] onto handler of type [class org.springframework.web.servlet.resource.ResourceHttpRequestHandler]
2017-07-14 13:54:55,660 [main] WARN  [org.springframework.boot.autoconfigure.groovy.template.GroovyTemplateAutoConfiguration] [GroovyTemplateAutoConfiguration.java:92] [trace=,span=,parent=,name=,app=,begintime=,endtime=] - Cannot find template location: classpath:/templates/ (please add some templates, check your Groovy configuration, or set spring.groovy.template.check-template-location=false)
2017-07-14 13:54:56,584 [main] INFO  [org.springframework.jmx.export.annotation.AnnotationMBeanExporter] [MBeanExporter.java:431] [trace=,span=,parent=,name=,app=,begintime=,endtime=] - Registering beans for JMX exposure on startup
2017-07-14 13:54:56,596 [main] INFO  [org.springframework.context.support.DefaultLifecycleProcessor] [DefaultLifecycleProcessor.java:343] [trace=,span=,parent=,name=,app=,begintime=,endtime=] - Starting beans in phase 2147483647
2017-07-14 13:54:56,665 [main] INFO  [org.apache.coyote.http11.Http11NioProtocol] [DirectJDKLog.java:179] [trace=,span=,parent=,name=,app=,begintime=,endtime=] - Initializing ProtocolHandler ["http-nio-8083"]
2017-07-14 13:54:56,686 [main] INFO  [org.apache.coyote.http11.Http11NioProtocol] [DirectJDKLog.java:179] [trace=,span=,parent=,name=,app=,begintime=,endtime=] - Starting ProtocolHandler ["http-nio-8083"]
2017-07-14 13:54:56,697 [main] INFO  [org.apache.tomcat.util.net.NioSelectorPool] [DirectJDKLog.java:179] [trace=,span=,parent=,name=,app=,begintime=,endtime=] - Using a shared selector for servlet write/read
2017-07-14 13:54:56,727 [main] INFO  [org.springframework.boot.context.embedded.tomcat.TomcatEmbeddedServletContainer] [TomcatEmbeddedServletContainer.java:201] [trace=,span=,parent=,name=,app=,begintime=,endtime=] - Tomcat started on port(s): 8083 (http)
2017-07-14 13:54:56,735 [main] INFO  [com.mars.application.SaMarsApplication] [StartupInfoLogger.java:57] [trace=,span=,parent=,name=,app=,begintime=,endtime=] - Started SaMarsApplication in 7.371 seconds (JVM running for 8.694)
2017-07-14 13:57:14,994 [main] INFO  [com.mars.application.SaMarsApplication] [StartupInfoLogger.java:48] [trace=,span=,parent=,name=,app=,begintime=,endtime=] - Starting SaMarsApplication on PC-20151230SASB with PID 2092 (D:\work\workspace\sa-mars\sa-mars-application\target\classes started by Administrator in D:\work\workspace\sa-mars)
2017-07-14 13:57:15,003 [main] INFO  [com.mars.application.SaMarsApplication] [SpringApplication.java:593] [trace=,span=,parent=,name=,app=,begintime=,endtime=] - No active profile set, falling back to default profiles: default
2017-07-14 13:57:15,514 [main] INFO  [org.springframework.boot.context.embedded.AnnotationConfigEmbeddedWebApplicationContext] [AbstractApplicationContext.java:583] [trace=,span=,parent=,name=,app=,begintime=,endtime=] - Refreshing org.springframework.boot.context.embedded.AnnotationConfigEmbeddedWebApplicationContext@1c7c0f04: startup date [Fri Jul 14 13:57:15 CST 2017]; root of context hierarchy
2017-07-14 13:57:15,543 [background-preinit] INFO  [org.hibernate.validator.internal.util.Version] [Version.java:30] [trace=,span=,parent=,name=,app=,begintime=,endtime=] - HV000001: Hibernate Validator 5.3.5.Final
2017-07-14 13:57:16,375 [main] INFO  [org.springframework.beans.factory.xml.XmlBeanDefinitionReader] [XmlBeanDefinitionReader.java:317] [trace=,span=,parent=,name=,app=,begintime=,endtime=] - Loading XML bean definitions from class path resource [beanRefContext.xml]
2017-07-14 13:57:16,666 [main] WARN  [org.mybatis.spring.mapper.ClassPathMapperScanner] [ClassPathMapperScanner.java:166] [trace=,span=,parent=,name=,app=,begintime=,endtime=] - No MyBatis mapper was found in '[com.mars.application]' package. Please check your configuration.
2017-07-14 13:57:17,398 [main] INFO  [org.springframework.context.support.PostProcessorRegistrationDelegate$BeanPostProcessorChecker] [PostProcessorRegistrationDelegate.java:325] [trace=,span=,parent=,name=,app=,begintime=,endtime=] - Bean 'org.springframework.kafka.annotation.KafkaBootstrapConfiguration' of type [org.springframework.kafka.annotation.KafkaBootstrapConfiguration$$EnhancerBySpringCGLIB$$2d16ed26] is not eligible for getting processed by all BeanPostProcessors (for example: not eligible for auto-proxying)
2017-07-14 13:57:18,212 [main] INFO  [org.springframework.boot.context.embedded.tomcat.TomcatEmbeddedServletContainer] [TomcatEmbeddedServletContainer.java:89] [trace=,span=,parent=,name=,app=,begintime=,endtime=] - Tomcat initialized with port(s): 8083 (http)
2017-07-14 13:57:18,231 [main] INFO  [org.apache.catalina.core.StandardService] [DirectJDKLog.java:179] [trace=,span=,parent=,name=,app=,begintime=,endtime=] - Starting service [Tomcat]
2017-07-14 13:57:18,232 [main] INFO  [org.apache.catalina.core.StandardEngine] [DirectJDKLog.java:179] [trace=,span=,parent=,name=,app=,begintime=,endtime=] - Starting Servlet Engine: Apache Tomcat/8.5.15
2017-07-14 13:57:18,386 [localhost-startStop-1] INFO  [org.apache.catalina.core.ContainerBase.[Tomcat].[localhost].[/mars]] [DirectJDKLog.java:179] [trace=,span=,parent=,name=,app=,begintime=,endtime=] - Initializing Spring embedded WebApplicationContext
2017-07-14 13:57:18,387 [localhost-startStop-1] INFO  [org.springframework.web.context.ContextLoader] [EmbeddedWebApplicationContext.java:276] [trace=,span=,parent=,name=,app=,begintime=,endtime=] - Root WebApplicationContext: initialization completed in 2873 ms
2017-07-14 13:57:18,674 [localhost-startStop-1] INFO  [org.springframework.boot.web.servlet.ServletRegistrationBean] [ServletRegistrationBean.java:190] [trace=,span=,parent=,name=,app=,begintime=,endtime=] - Mapping servlet: 'dispatcherServlet' to [/]
2017-07-14 13:57:18,683 [localhost-startStop-1] INFO  [org.springframework.boot.web.servlet.FilterRegistrationBean] [AbstractFilterRegistrationBean.java:258] [trace=,span=,parent=,name=,app=,begintime=,endtime=] - Mapping filter: 'characterEncodingFilter' to: [/*]
2017-07-14 13:57:18,684 [localhost-startStop-1] INFO  [org.springframework.boot.web.servlet.FilterRegistrationBean] [AbstractFilterRegistrationBean.java:258] [trace=,span=,parent=,name=,app=,begintime=,endtime=] - Mapping filter: 'hiddenHttpMethodFilter' to: [/*]
2017-07-14 13:57:18,684 [localhost-startStop-1] INFO  [org.springframework.boot.web.servlet.FilterRegistrationBean] [AbstractFilterRegistrationBean.java:258] [trace=,span=,parent=,name=,app=,begintime=,endtime=] - Mapping filter: 'httpPutFormContentFilter' to: [/*]
2017-07-14 13:57:18,684 [localhost-startStop-1] INFO  [org.springframework.boot.web.servlet.FilterRegistrationBean] [AbstractFilterRegistrationBean.java:258] [trace=,span=,parent=,name=,app=,begintime=,endtime=] - Mapping filter: 'requestContextFilter' to: [/*]
2017-07-14 13:57:19,403 [main] INFO  [org.springframework.web.servlet.mvc.method.annotation.RequestMappingHandlerAdapter] [RequestMappingHandlerAdapter.java:534] [trace=,span=,parent=,name=,app=,begintime=,endtime=] - Looking for @ControllerAdvice: org.springframework.boot.context.embedded.AnnotationConfigEmbeddedWebApplicationContext@1c7c0f04: startup date [Fri Jul 14 13:57:15 CST 2017]; root of context hierarchy
2017-07-14 13:57:19,513 [main] INFO  [org.springframework.web.servlet.mvc.method.annotation.RequestMappingHandlerMapping] [AbstractHandlerMethodMapping.java:543] [trace=,span=,parent=,name=,app=,begintime=,endtime=] - Mapped "{[/hello],methods=[GET]}" onto public java.lang.String com.mars.manage.HelloController.hello()
2017-07-14 13:57:19,520 [main] INFO  [org.springframework.web.servlet.mvc.method.annotation.RequestMappingHandlerMapping] [AbstractHandlerMethodMapping.java:543] [trace=,span=,parent=,name=,app=,begintime=,endtime=] - Mapped "{[/error]}" onto public org.springframework.http.ResponseEntity<java.util.Map<java.lang.String, java.lang.Object>> org.springframework.boot.autoconfigure.web.BasicErrorController.error(javax.servlet.http.HttpServletRequest)
2017-07-14 13:57:19,520 [main] INFO  [org.springframework.web.servlet.mvc.method.annotation.RequestMappingHandlerMapping] [AbstractHandlerMethodMapping.java:543] [trace=,span=,parent=,name=,app=,begintime=,endtime=] - Mapped "{[/error],produces=[text/html]}" onto public org.springframework.web.servlet.ModelAndView org.springframework.boot.autoconfigure.web.BasicErrorController.errorHtml(javax.servlet.http.HttpServletRequest,javax.servlet.http.HttpServletResponse)
2017-07-14 13:57:19,597 [main] INFO  [org.springframework.web.servlet.handler.SimpleUrlHandlerMapping] [AbstractUrlHandlerMapping.java:362] [trace=,span=,parent=,name=,app=,begintime=,endtime=] - Mapped URL path [/webjars/**] onto handler of type [class org.springframework.web.servlet.resource.ResourceHttpRequestHandler]
2017-07-14 13:57:19,597 [main] INFO  [org.springframework.web.servlet.handler.SimpleUrlHandlerMapping] [AbstractUrlHandlerMapping.java:362] [trace=,span=,parent=,name=,app=,begintime=,endtime=] - Mapped URL path [/**] onto handler of type [class org.springframework.web.servlet.resource.ResourceHttpRequestHandler]
2017-07-14 13:57:19,703 [main] INFO  [org.springframework.web.servlet.handler.SimpleUrlHandlerMapping] [AbstractUrlHandlerMapping.java:362] [trace=,span=,parent=,name=,app=,begintime=,endtime=] - Mapped URL path [/**/favicon.ico] onto handler of type [class org.springframework.web.servlet.resource.ResourceHttpRequestHandler]
2017-07-14 13:57:20,520 [main] WARN  [org.springframework.boot.autoconfigure.groovy.template.GroovyTemplateAutoConfiguration] [GroovyTemplateAutoConfiguration.java:92] [trace=,span=,parent=,name=,app=,begintime=,endtime=] - Cannot find template location: classpath:/templates/ (please add some templates, check your Groovy configuration, or set spring.groovy.template.check-template-location=false)
2017-07-14 13:57:21,571 [main] INFO  [org.springframework.jmx.export.annotation.AnnotationMBeanExporter] [MBeanExporter.java:431] [trace=,span=,parent=,name=,app=,begintime=,endtime=] - Registering beans for JMX exposure on startup
2017-07-14 13:57:21,588 [main] INFO  [org.springframework.context.support.DefaultLifecycleProcessor] [DefaultLifecycleProcessor.java:343] [trace=,span=,parent=,name=,app=,begintime=,endtime=] - Starting beans in phase 2147483647
2017-07-14 13:57:21,671 [main] INFO  [org.apache.coyote.http11.Http11NioProtocol] [DirectJDKLog.java:179] [trace=,span=,parent=,name=,app=,begintime=,endtime=] - Initializing ProtocolHandler ["http-nio-8083"]
2017-07-14 13:57:21,701 [main] INFO  [org.apache.coyote.http11.Http11NioProtocol] [DirectJDKLog.java:179] [trace=,span=,parent=,name=,app=,begintime=,endtime=] - Starting ProtocolHandler ["http-nio-8083"]
2017-07-14 13:57:21,716 [main] INFO  [org.apache.tomcat.util.net.NioSelectorPool] [DirectJDKLog.java:179] [trace=,span=,parent=,name=,app=,begintime=,endtime=] - Using a shared selector for servlet write/read
2017-07-14 13:57:21,759 [main] INFO  [org.springframework.boot.context.embedded.tomcat.TomcatEmbeddedServletContainer] [TomcatEmbeddedServletContainer.java:201] [trace=,span=,parent=,name=,app=,begintime=,endtime=] - Tomcat started on port(s): 8083 (http)
2017-07-14 13:57:21,769 [main] INFO  [com.mars.application.SaMarsApplication] [StartupInfoLogger.java:57] [trace=,span=,parent=,name=,app=,begintime=,endtime=] - Started SaMarsApplication in 7.884 seconds (JVM running for 9.122)
2017-07-14 13:58:58,871 [main] INFO  [com.mars.application.SaMarsApplication] [StartupInfoLogger.java:48] [trace=,span=,parent=,name=,app=,begintime=,endtime=] - Starting SaMarsApplication on PC-20151230SASB with PID 5204 (D:\work\workspace\sa-mars\sa-mars-application\target\classes started by Administrator in D:\work\workspace\sa-mars)
2017-07-14 13:58:58,876 [main] INFO  [com.mars.application.SaMarsApplication] [SpringApplication.java:593] [trace=,span=,parent=,name=,app=,begintime=,endtime=] - No active profile set, falling back to default profiles: default
2017-07-14 13:58:59,375 [main] INFO  [org.springframework.boot.context.embedded.AnnotationConfigEmbeddedWebApplicationContext] [AbstractApplicationContext.java:583] [trace=,span=,parent=,name=,app=,begintime=,endtime=] - Refreshing org.springframework.boot.context.embedded.AnnotationConfigEmbeddedWebApplicationContext@255722d7: startup date [Fri Jul 14 13:58:59 CST 2017]; root of context hierarchy
2017-07-14 13:58:59,430 [background-preinit] INFO  [org.hibernate.validator.internal.util.Version] [Version.java:30] [trace=,span=,parent=,name=,app=,begintime=,endtime=] - HV000001: Hibernate Validator 5.3.5.Final
2017-07-14 13:59:00,307 [main] INFO  [org.springframework.beans.factory.xml.XmlBeanDefinitionReader] [XmlBeanDefinitionReader.java:317] [trace=,span=,parent=,name=,app=,begintime=,endtime=] - Loading XML bean definitions from class path resource [beanRefContext.xml]
2017-07-14 13:59:00,607 [main] WARN  [org.mybatis.spring.mapper.ClassPathMapperScanner] [ClassPathMapperScanner.java:166] [trace=,span=,parent=,name=,app=,begintime=,endtime=] - No MyBatis mapper was found in '[com.mars.application]' package. Please check your configuration.
2017-07-14 13:59:01,302 [main] INFO  [org.springframework.context.support.PostProcessorRegistrationDelegate$BeanPostProcessorChecker] [PostProcessorRegistrationDelegate.java:325] [trace=,span=,parent=,name=,app=,begintime=,endtime=] - Bean 'org.springframework.kafka.annotation.KafkaBootstrapConfiguration' of type [org.springframework.kafka.annotation.KafkaBootstrapConfiguration$$EnhancerBySpringCGLIB$$98a31d0f] is not eligible for getting processed by all BeanPostProcessors (for example: not eligible for auto-proxying)
2017-07-14 13:59:02,052 [main] INFO  [org.springframework.boot.context.embedded.tomcat.TomcatEmbeddedServletContainer] [TomcatEmbeddedServletContainer.java:89] [trace=,span=,parent=,name=,app=,begintime=,endtime=] - Tomcat initialized with port(s): 8083 (http)
2017-07-14 13:59:02,068 [main] INFO  [org.apache.catalina.core.StandardService] [DirectJDKLog.java:179] [trace=,span=,parent=,name=,app=,begintime=,endtime=] - Starting service [Tomcat]
2017-07-14 13:59:02,070 [main] INFO  [org.apache.catalina.core.StandardEngine] [DirectJDKLog.java:179] [trace=,span=,parent=,name=,app=,begintime=,endtime=] - Starting Servlet Engine: Apache Tomcat/8.5.15
2017-07-14 13:59:02,270 [localhost-startStop-1] INFO  [org.apache.catalina.core.ContainerBase.[Tomcat].[localhost].[/mars]] [DirectJDKLog.java:179] [trace=,span=,parent=,name=,app=,begintime=,endtime=] - Initializing Spring embedded WebApplicationContext
2017-07-14 13:59:02,270 [localhost-startStop-1] INFO  [org.springframework.web.context.ContextLoader] [EmbeddedWebApplicationContext.java:276] [trace=,span=,parent=,name=,app=,begintime=,endtime=] - Root WebApplicationContext: initialization completed in 2896 ms
2017-07-14 13:59:02,566 [localhost-startStop-1] INFO  [org.springframework.boot.web.servlet.ServletRegistrationBean] [ServletRegistrationBean.java:190] [trace=,span=,parent=,name=,app=,begintime=,endtime=] - Mapping servlet: 'dispatcherServlet' to [/]
2017-07-14 13:59:02,573 [localhost-startStop-1] INFO  [org.springframework.boot.web.servlet.FilterRegistrationBean] [AbstractFilterRegistrationBean.java:258] [trace=,span=,parent=,name=,app=,begintime=,endtime=] - Mapping filter: 'characterEncodingFilter' to: [/*]
2017-07-14 13:59:02,573 [localhost-startStop-1] INFO  [org.springframework.boot.web.servlet.FilterRegistrationBean] [AbstractFilterRegistrationBean.java:258] [trace=,span=,parent=,name=,app=,begintime=,endtime=] - Mapping filter: 'hiddenHttpMethodFilter' to: [/*]
2017-07-14 13:59:02,573 [localhost-startStop-1] INFO  [org.springframework.boot.web.servlet.FilterRegistrationBean] [AbstractFilterRegistrationBean.java:258] [trace=,span=,parent=,name=,app=,begintime=,endtime=] - Mapping filter: 'httpPutFormContentFilter' to: [/*]
2017-07-14 13:59:02,574 [localhost-startStop-1] INFO  [org.springframework.boot.web.servlet.FilterRegistrationBean] [AbstractFilterRegistrationBean.java:258] [trace=,span=,parent=,name=,app=,begintime=,endtime=] - Mapping filter: 'requestContextFilter' to: [/*]
2017-07-14 13:59:03,299 [main] INFO  [org.springframework.web.servlet.mvc.method.annotation.RequestMappingHandlerAdapter] [RequestMappingHandlerAdapter.java:534] [trace=,span=,parent=,name=,app=,begintime=,endtime=] - Looking for @ControllerAdvice: org.springframework.boot.context.embedded.AnnotationConfigEmbeddedWebApplicationContext@255722d7: startup date [Fri Jul 14 13:58:59 CST 2017]; root of context hierarchy
2017-07-14 13:59:03,420 [main] INFO  [org.springframework.web.servlet.mvc.method.annotation.RequestMappingHandlerMapping] [AbstractHandlerMethodMapping.java:543] [trace=,span=,parent=,name=,app=,begintime=,endtime=] - Mapped "{[/hello],methods=[GET]}" onto public java.lang.String com.mars.manage.HelloController.hello()
2017-07-14 13:59:03,426 [main] INFO  [org.springframework.web.servlet.mvc.method.annotation.RequestMappingHandlerMapping] [AbstractHandlerMethodMapping.java:543] [trace=,span=,parent=,name=,app=,begintime=,endtime=] - Mapped "{[/error]}" onto public org.springframework.http.ResponseEntity<java.util.Map<java.lang.String, java.lang.Object>> org.springframework.boot.autoconfigure.web.BasicErrorController.error(javax.servlet.http.HttpServletRequest)
2017-07-14 13:59:03,428 [main] INFO  [org.springframework.web.servlet.mvc.method.annotation.RequestMappingHandlerMapping] [AbstractHandlerMethodMapping.java:543] [trace=,span=,parent=,name=,app=,begintime=,endtime=] - Mapped "{[/error],produces=[text/html]}" onto public org.springframework.web.servlet.ModelAndView org.springframework.boot.autoconfigure.web.BasicErrorController.errorHtml(javax.servlet.http.HttpServletRequest,javax.servlet.http.HttpServletResponse)
2017-07-14 13:59:03,498 [main] INFO  [org.springframework.web.servlet.handler.SimpleUrlHandlerMapping] [AbstractUrlHandlerMapping.java:362] [trace=,span=,parent=,name=,app=,begintime=,endtime=] - Mapped URL path [/webjars/**] onto handler of type [class org.springframework.web.servlet.resource.ResourceHttpRequestHandler]
2017-07-14 13:59:03,498 [main] INFO  [org.springframework.web.servlet.handler.SimpleUrlHandlerMapping] [AbstractUrlHandlerMapping.java:362] [trace=,span=,parent=,name=,app=,begintime=,endtime=] - Mapped URL path [/**] onto handler of type [class org.springframework.web.servlet.resource.ResourceHttpRequestHandler]
2017-07-14 13:59:03,605 [main] INFO  [org.springframework.web.servlet.handler.SimpleUrlHandlerMapping] [AbstractUrlHandlerMapping.java:362] [trace=,span=,parent=,name=,app=,begintime=,endtime=] - Mapped URL path [/**/favicon.ico] onto handler of type [class org.springframework.web.servlet.resource.ResourceHttpRequestHandler]
2017-07-14 13:59:04,372 [main] WARN  [org.springframework.boot.autoconfigure.groovy.template.GroovyTemplateAutoConfiguration] [GroovyTemplateAutoConfiguration.java:92] [trace=,span=,parent=,name=,app=,begintime=,endtime=] - Cannot find template location: classpath:/templates/ (please add some templates, check your Groovy configuration, or set spring.groovy.template.check-template-location=false)
2017-07-14 13:59:05,356 [main] INFO  [org.springframework.jmx.export.annotation.AnnotationMBeanExporter] [MBeanExporter.java:431] [trace=,span=,parent=,name=,app=,begintime=,endtime=] - Registering beans for JMX exposure on startup
2017-07-14 13:59:05,371 [main] INFO  [org.springframework.context.support.DefaultLifecycleProcessor] [DefaultLifecycleProcessor.java:343] [trace=,span=,parent=,name=,app=,begintime=,endtime=] - Starting beans in phase 2147483647
2017-07-14 13:59:05,435 [main] INFO  [org.apache.coyote.http11.Http11NioProtocol] [DirectJDKLog.java:179] [trace=,span=,parent=,name=,app=,begintime=,endtime=] - Initializing ProtocolHandler ["http-nio-8083"]
2017-07-14 13:59:05,456 [main] INFO  [org.apache.coyote.http11.Http11NioProtocol] [DirectJDKLog.java:179] [trace=,span=,parent=,name=,app=,begintime=,endtime=] - Starting ProtocolHandler ["http-nio-8083"]
2017-07-14 13:59:05,471 [main] INFO  [org.apache.tomcat.util.net.NioSelectorPool] [DirectJDKLog.java:179] [trace=,span=,parent=,name=,app=,begintime=,endtime=] - Using a shared selector for servlet write/read
2017-07-14 13:59:05,499 [main] INFO  [org.springframework.boot.context.embedded.tomcat.TomcatEmbeddedServletContainer] [TomcatEmbeddedServletContainer.java:201] [trace=,span=,parent=,name=,app=,begintime=,endtime=] - Tomcat started on port(s): 8083 (http)
2017-07-14 13:59:05,507 [main] INFO  [com.mars.application.SaMarsApplication] [StartupInfoLogger.java:57] [trace=,span=,parent=,name=,app=,begintime=,endtime=] - Started SaMarsApplication in 7.58 seconds (JVM running for 8.845)
2017-07-14 14:02:05,792 [main] INFO  [com.mars.application.SaMarsApplication] [StartupInfoLogger.java:48] [trace=,span=,parent=,name=,app=,begintime=,endtime=] - Starting SaMarsApplication on PC-20151230SASB with PID 2036 (D:\work\workspace\sa-mars\sa-mars-application\target\classes started by Administrator in D:\work\workspace\sa-mars)
2017-07-14 14:02:05,796 [main] INFO  [com.mars.application.SaMarsApplication] [SpringApplication.java:593] [trace=,span=,parent=,name=,app=,begintime=,endtime=] - No active profile set, falling back to default profiles: default
2017-07-14 14:02:06,285 [main] INFO  [org.springframework.boot.context.embedded.AnnotationConfigEmbeddedWebApplicationContext] [AbstractApplicationContext.java:583] [trace=,span=,parent=,name=,app=,begintime=,endtime=] - Refreshing org.springframework.boot.context.embedded.AnnotationConfigEmbeddedWebApplicationContext@110f9de8: startup date [Fri Jul 14 14:02:06 CST 2017]; root of context hierarchy
2017-07-14 14:02:06,338 [background-preinit] INFO  [org.hibernate.validator.internal.util.Version] [Version.java:30] [trace=,span=,parent=,name=,app=,begintime=,endtime=] - HV000001: Hibernate Validator 5.3.5.Final
2017-07-14 14:02:07,083 [main] INFO  [org.springframework.beans.factory.xml.XmlBeanDefinitionReader] [XmlBeanDefinitionReader.java:317] [trace=,span=,parent=,name=,app=,begintime=,endtime=] - Loading XML bean definitions from class path resource [beanRefContext.xml]
2017-07-14 14:02:07,381 [main] WARN  [org.mybatis.spring.mapper.ClassPathMapperScanner] [ClassPathMapperScanner.java:166] [trace=,span=,parent=,name=,app=,begintime=,endtime=] - No MyBatis mapper was found in '[com.mars.application]' package. Please check your configuration.
2017-07-14 14:02:08,045 [main] INFO  [org.springframework.context.support.PostProcessorRegistrationDelegate$BeanPostProcessorChecker] [PostProcessorRegistrationDelegate.java:325] [trace=,span=,parent=,name=,app=,begintime=,endtime=] - Bean 'org.springframework.kafka.annotation.KafkaBootstrapConfiguration' of type [org.springframework.kafka.annotation.KafkaBootstrapConfiguration$$EnhancerBySpringCGLIB$$dca357fe] is not eligible for getting processed by all BeanPostProcessors (for example: not eligible for auto-proxying)
2017-07-14 14:02:08,779 [main] INFO  [org.springframework.boot.context.embedded.tomcat.TomcatEmbeddedServletContainer] [TomcatEmbeddedServletContainer.java:89] [trace=,span=,parent=,name=,app=,begintime=,endtime=] - Tomcat initialized with port(s): 8083 (http)
2017-07-14 14:02:08,795 [main] INFO  [org.apache.catalina.core.StandardService] [DirectJDKLog.java:179] [trace=,span=,parent=,name=,app=,begintime=,endtime=] - Starting service [Tomcat]
2017-07-14 14:02:08,797 [main] INFO  [org.apache.catalina.core.StandardEngine] [DirectJDKLog.java:179] [trace=,span=,parent=,name=,app=,begintime=,endtime=] - Starting Servlet Engine: Apache Tomcat/8.5.15
2017-07-14 14:02:08,951 [localhost-startStop-1] INFO  [org.apache.catalina.core.ContainerBase.[Tomcat].[localhost].[/mars]] [DirectJDKLog.java:179] [trace=,span=,parent=,name=,app=,begintime=,endtime=] - Initializing Spring embedded WebApplicationContext
2017-07-14 14:02:08,951 [localhost-startStop-1] INFO  [org.springframework.web.context.ContextLoader] [EmbeddedWebApplicationContext.java:276] [trace=,span=,parent=,name=,app=,begintime=,endtime=] - Root WebApplicationContext: initialization completed in 2666 ms
2017-07-14 14:02:09,288 [localhost-startStop-1] INFO  [org.springframework.boot.web.servlet.ServletRegistrationBean] [ServletRegistrationBean.java:190] [trace=,span=,parent=,name=,app=,begintime=,endtime=] - Mapping servlet: 'dispatcherServlet' to [/]
2017-07-14 14:02:09,294 [localhost-startStop-1] INFO  [org.springframework.boot.web.servlet.FilterRegistrationBean] [AbstractFilterRegistrationBean.java:258] [trace=,span=,parent=,name=,app=,begintime=,endtime=] - Mapping filter: 'characterEncodingFilter' to: [/*]
2017-07-14 14:02:09,295 [localhost-startStop-1] INFO  [org.springframework.boot.web.servlet.FilterRegistrationBean] [AbstractFilterRegistrationBean.java:258] [trace=,span=,parent=,name=,app=,begintime=,endtime=] - Mapping filter: 'hiddenHttpMethodFilter' to: [/*]
2017-07-14 14:02:09,295 [localhost-startStop-1] INFO  [org.springframework.boot.web.servlet.FilterRegistrationBean] [AbstractFilterRegistrationBean.java:258] [trace=,span=,parent=,name=,app=,begintime=,endtime=] - Mapping filter: 'httpPutFormContentFilter' to: [/*]
2017-07-14 14:02:09,295 [localhost-startStop-1] INFO  [org.springframework.boot.web.servlet.FilterRegistrationBean] [AbstractFilterRegistrationBean.java:258] [trace=,span=,parent=,name=,app=,begintime=,endtime=] - Mapping filter: 'requestContextFilter' to: [/*]
2017-07-14 14:02:10,005 [main] INFO  [org.springframework.web.servlet.mvc.method.annotation.RequestMappingHandlerAdapter] [RequestMappingHandlerAdapter.java:534] [trace=,span=,parent=,name=,app=,begintime=,endtime=] - Looking for @ControllerAdvice: org.springframework.boot.context.embedded.AnnotationConfigEmbeddedWebApplicationContext@110f9de8: startup date [Fri Jul 14 14:02:06 CST 2017]; root of context hierarchy
2017-07-14 14:02:10,165 [main] INFO  [org.springframework.web.servlet.mvc.method.annotation.RequestMappingHandlerMapping] [AbstractHandlerMethodMapping.java:543] [trace=,span=,parent=,name=,app=,begintime=,endtime=] - Mapped "{[/hello],methods=[GET]}" onto public java.lang.String com.mars.manage.HelloController.hello()
2017-07-14 14:02:10,171 [main] INFO  [org.springframework.web.servlet.mvc.method.annotation.RequestMappingHandlerMapping] [AbstractHandlerMethodMapping.java:543] [trace=,span=,parent=,name=,app=,begintime=,endtime=] - Mapped "{[/error]}" onto public org.springframework.http.ResponseEntity<java.util.Map<java.lang.String, java.lang.Object>> org.springframework.boot.autoconfigure.web.BasicErrorController.error(javax.servlet.http.HttpServletRequest)
2017-07-14 14:02:10,172 [main] INFO  [org.springframework.web.servlet.mvc.method.annotation.RequestMappingHandlerMapping] [AbstractHandlerMethodMapping.java:543] [trace=,span=,parent=,name=,app=,begintime=,endtime=] - Mapped "{[/error],produces=[text/html]}" onto public org.springframework.web.servlet.ModelAndView org.springframework.boot.autoconfigure.web.BasicErrorController.errorHtml(javax.servlet.http.HttpServletRequest,javax.servlet.http.HttpServletResponse)
2017-07-14 14:02:10,268 [main] INFO  [org.springframework.web.servlet.handler.SimpleUrlHandlerMapping] [AbstractUrlHandlerMapping.java:362] [trace=,span=,parent=,name=,app=,begintime=,endtime=] - Mapped URL path [/webjars/**] onto handler of type [class org.springframework.web.servlet.resource.ResourceHttpRequestHandler]
2017-07-14 14:02:10,269 [main] INFO  [org.springframework.web.servlet.handler.SimpleUrlHandlerMapping] [AbstractUrlHandlerMapping.java:362] [trace=,span=,parent=,name=,app=,begintime=,endtime=] - Mapped URL path [/**] onto handler of type [class org.springframework.web.servlet.resource.ResourceHttpRequestHandler]
2017-07-14 14:02:10,347 [main] INFO  [org.springframework.web.servlet.handler.SimpleUrlHandlerMapping] [AbstractUrlHandlerMapping.java:362] [trace=,span=,parent=,name=,app=,begintime=,endtime=] - Mapped URL path [/**/favicon.ico] onto handler of type [class org.springframework.web.servlet.resource.ResourceHttpRequestHandler]
2017-07-14 14:02:11,080 [main] WARN  [org.springframework.boot.autoconfigure.groovy.template.GroovyTemplateAutoConfiguration] [GroovyTemplateAutoConfiguration.java:92] [trace=,span=,parent=,name=,app=,begintime=,endtime=] - Cannot find template location: classpath:/templates/ (please add some templates, check your Groovy configuration, or set spring.groovy.template.check-template-location=false)
2017-07-14 14:02:12,086 [main] INFO  [org.springframework.jmx.export.annotation.AnnotationMBeanExporter] [MBeanExporter.java:431] [trace=,span=,parent=,name=,app=,begintime=,endtime=] - Registering beans for JMX exposure on startup
2017-07-14 14:02:12,102 [main] INFO  [org.springframework.context.support.DefaultLifecycleProcessor] [DefaultLifecycleProcessor.java:343] [trace=,span=,parent=,name=,app=,begintime=,endtime=] - Starting beans in phase 2147483647
2017-07-14 14:02:12,203 [main] INFO  [org.apache.coyote.http11.Http11NioProtocol] [DirectJDKLog.java:179] [trace=,span=,parent=,name=,app=,begintime=,endtime=] - Initializing ProtocolHandler ["http-nio-8083"]
2017-07-14 14:02:12,262 [main] INFO  [org.apache.coyote.http11.Http11NioProtocol] [DirectJDKLog.java:179] [trace=,span=,parent=,name=,app=,begintime=,endtime=] - Starting ProtocolHandler ["http-nio-8083"]
2017-07-14 14:02:12,274 [main] INFO  [org.apache.tomcat.util.net.NioSelectorPool] [DirectJDKLog.java:179] [trace=,span=,parent=,name=,app=,begintime=,endtime=] - Using a shared selector for servlet write/read
2017-07-14 14:02:12,308 [main] INFO  [org.springframework.boot.context.embedded.tomcat.TomcatEmbeddedServletContainer] [TomcatEmbeddedServletContainer.java:201] [trace=,span=,parent=,name=,app=,begintime=,endtime=] - Tomcat started on port(s): 8083 (http)
2017-07-14 14:02:12,323 [main] INFO  [com.mars.application.SaMarsApplication] [StartupInfoLogger.java:57] [trace=,span=,parent=,name=,app=,begintime=,endtime=] - Started SaMarsApplication in 7.563 seconds (JVM running for 8.782)
2017-07-14 14:03:26,358 [main] INFO  [com.mars.application.SaMarsApplication] [StartupInfoLogger.java:48] [trace=,span=,parent=,name=,app=,begintime=,endtime=] - Starting SaMarsApplication on PC-20151230SASB with PID 3868 (D:\work\workspace\sa-mars\sa-mars-application\target\classes started by Administrator in D:\work\workspace\sa-mars)
2017-07-14 14:03:26,364 [main] INFO  [com.mars.application.SaMarsApplication] [SpringApplication.java:593] [trace=,span=,parent=,name=,app=,begintime=,endtime=] - No active profile set, falling back to default profiles: default
2017-07-14 14:03:26,796 [main] INFO  [org.springframework.boot.context.embedded.AnnotationConfigEmbeddedWebApplicationContext] [AbstractApplicationContext.java:583] [trace=,span=,parent=,name=,app=,begintime=,endtime=] - Refreshing org.springframework.boot.context.embedded.AnnotationConfigEmbeddedWebApplicationContext@1735949d: startup date [Fri Jul 14 14:03:26 CST 2017]; root of context hierarchy
2017-07-14 14:03:26,871 [background-preinit] INFO  [org.hibernate.validator.internal.util.Version] [Version.java:30] [trace=,span=,parent=,name=,app=,begintime=,endtime=] - HV000001: Hibernate Validator 5.3.5.Final
2017-07-14 14:03:27,735 [main] INFO  [org.springframework.beans.factory.xml.XmlBeanDefinitionReader] [XmlBeanDefinitionReader.java:317] [trace=,span=,parent=,name=,app=,begintime=,endtime=] - Loading XML bean definitions from class path resource [beanRefContext.xml]
2017-07-14 14:03:28,047 [main] WARN  [org.mybatis.spring.mapper.ClassPathMapperScanner] [ClassPathMapperScanner.java:166] [trace=,span=,parent=,name=,app=,begintime=,endtime=] - No MyBatis mapper was found in '[com.mars.application]' package. Please check your configuration.
